<?xml version="1.0" encoding="UTF-8"?>
<!-- Generated by org.testng.reporters.JUnitXMLReporter -->
<testsuite ignored="0" hostname="41TS353" failures="1" tests="1" name="GoogleTest" time="7.467" errors="0" timestamp="2025-08-16T16:33:48 IST">
  <testcase classname="demo.GoogleTest" name="testGoogleSearch" time="3.419">
    <failure type="java.lang.AssertionError" message="Page title does not contain expected text! expected [true] but found [false]">
      <![CDATA[java.lang.AssertionError: Page title does not contain expected text! expected [true] but found [false]
at demo.GoogleTest.testGoogleSearch(GoogleTest.java:28)
at java.base/java.util.ArrayList.forEach(ArrayList.java:1596)
... Removed 28 stack frames]]>
    </failure>
  </testcase> <!-- testGoogleSearch -->
</testsuite> <!-- GoogleTest -->
